{"/home/jakob/exasol/extension-manager/extension-parameter-validator/src/extensionParameterValidator.ts": {"path":"/home/jakob/exasol/extension-manager/extension-parameter-validator/src/extensionParameterValidator.ts","all":false,"statementMap":{"0":{"start":{"line":1,"column":0},"end":{"line":1,"column":96}},"1":{"start":{"line":2,"column":0},"end":{"line":2,"column":0}},"2":{"start":{"line":3,"column":0},"end":{"line":3,"column":52}},"3":{"start":{"line":4,"column":0},"end":{"line":4,"column":0}},"4":{"start":{"line":5,"column":0},"end":{"line":5,"column":66}},"5":{"start":{"line":6,"column":0},"end":{"line":6,"column":50}},"6":{"start":{"line":7,"column":0},"end":{"line":7,"column":1}},"7":{"start":{"line":8,"column":0},"end":{"line":8,"column":0}},"8":{"start":{"line":9,"column":0},"end":{"line":9,"column":91}},"9":{"start":{"line":10,"column":0},"end":{"line":10,"column":63}},"10":{"start":{"line":11,"column":0},"end":{"line":11,"column":34}},"11":{"start":{"line":12,"column":0},"end":{"line":12,"column":63}},"12":{"start":{"line":13,"column":0},"end":{"line":13,"column":16}},"13":{"start":{"line":14,"column":0},"end":{"line":14,"column":34}},"14":{"start":{"line":15,"column":0},"end":{"line":15,"column":9}},"15":{"start":{"line":16,"column":0},"end":{"line":16,"column":12}},"16":{"start":{"line":17,"column":0},"end":{"line":17,"column":34}},"17":{"start":{"line":18,"column":0},"end":{"line":18,"column":26}},"18":{"start":{"line":19,"column":0},"end":{"line":19,"column":66}},"19":{"start":{"line":20,"column":0},"end":{"line":20,"column":20}},"20":{"start":{"line":21,"column":0},"end":{"line":21,"column":95}},"21":{"start":{"line":22,"column":0},"end":{"line":22,"column":9}},"22":{"start":{"line":23,"column":0},"end":{"line":23,"column":5}},"23":{"start":{"line":24,"column":0},"end":{"line":24,"column":1}},"24":{"start":{"line":25,"column":0},"end":{"line":25,"column":0}},"25":{"start":{"line":26,"column":0},"end":{"line":26,"column":105}},"26":{"start":{"line":27,"column":0},"end":{"line":27,"column":31}},"27":{"start":{"line":28,"column":0},"end":{"line":28,"column":36}},"28":{"start":{"line":29,"column":0},"end":{"line":29,"column":42}},"29":{"start":{"line":30,"column":0},"end":{"line":30,"column":79}},"30":{"start":{"line":31,"column":0},"end":{"line":31,"column":36}},"31":{"start":{"line":32,"column":0},"end":{"line":32,"column":72}},"32":{"start":{"line":33,"column":0},"end":{"line":33,"column":9}},"33":{"start":{"line":34,"column":0},"end":{"line":34,"column":5}},"34":{"start":{"line":35,"column":0},"end":{"line":35,"column":31}},"35":{"start":{"line":36,"column":0},"end":{"line":36,"column":29}},"36":{"start":{"line":37,"column":0},"end":{"line":37,"column":12}},"37":{"start":{"line":38,"column":0},"end":{"line":38,"column":51}},"38":{"start":{"line":39,"column":0},"end":{"line":39,"column":5}},"39":{"start":{"line":40,"column":0},"end":{"line":40,"column":1}},"40":{"start":{"line":41,"column":0},"end":{"line":41,"column":0}},"41":{"start":{"line":42,"column":0},"end":{"line":42,"column":78}},"42":{"start":{"line":43,"column":0},"end":{"line":43,"column":36}},"43":{"start":{"line":44,"column":0},"end":{"line":44,"column":56}},"44":{"start":{"line":45,"column":0},"end":{"line":45,"column":70}},"45":{"start":{"line":46,"column":0},"end":{"line":46,"column":9}},"46":{"start":{"line":47,"column":0},"end":{"line":47,"column":5}},"47":{"start":{"line":48,"column":0},"end":{"line":48,"column":25}},"48":{"start":{"line":49,"column":0},"end":{"line":49,"column":1}},"49":{"start":{"line":50,"column":0},"end":{"line":50,"column":0}},"50":{"start":{"line":51,"column":0},"end":{"line":51,"column":0}},"51":{"start":{"line":52,"column":0},"end":{"line":52,"column":35}},"52":{"start":{"line":53,"column":0},"end":{"line":53,"column":58}},"53":{"start":{"line":54,"column":0},"end":{"line":54,"column":20}},"54":{"start":{"line":55,"column":0},"end":{"line":55,"column":97}},"55":{"start":{"line":56,"column":0},"end":{"line":56,"column":19}},"56":{"start":{"line":57,"column":0},"end":{"line":57,"column":1}}},"s":{"0":1,"1":1,"2":1,"3":1,"4":3,"5":3,"6":3,"7":1,"8":2,"9":2,"10":0,"11":0,"12":0,"13":0,"14":0,"15":2,"16":2,"17":2,"18":2,"19":2,"20":0,"21":2,"22":2,"23":2,"24":1,"25":1,"26":1,"27":1,"28":2,"29":2,"30":2,"31":2,"32":2,"33":2,"34":1,"35":0,"36":1,"37":1,"38":1,"39":1,"40":1,"41":2,"42":2,"43":2,"44":2,"45":2,"46":2,"47":0,"48":0,"49":1,"50":1,"51":1,"52":1,"53":1,"54":1,"55":1,"56":1},"branchMap":{"0":{"type":"branch","line":5,"loc":{"start":{"line":5,"column":0},"end":{"line":7,"column":1}},"locations":[{"start":{"line":5,"column":0},"end":{"line":7,"column":1}}]},"1":{"type":"branch","line":9,"loc":{"start":{"line":9,"column":0},"end":{"line":24,"column":1}},"locations":[{"start":{"line":9,"column":0},"end":{"line":24,"column":1}}]},"2":{"type":"branch","line":10,"loc":{"start":{"line":10,"column":62},"end":{"line":16,"column":11}},"locations":[{"start":{"line":10,"column":62},"end":{"line":16,"column":11}}]},"3":{"type":"branch","line":20,"loc":{"start":{"line":20,"column":12},"end":{"line":21,"column":95}},"locations":[{"start":{"line":20,"column":12},"end":{"line":21,"column":95}}]},"4":{"type":"branch","line":26,"loc":{"start":{"line":26,"column":0},"end":{"line":40,"column":1}},"locations":[{"start":{"line":26,"column":0},"end":{"line":40,"column":1}}]},"5":{"type":"branch","line":28,"loc":{"start":{"line":28,"column":35},"end":{"line":34,"column":5}},"locations":[{"start":{"line":28,"column":35},"end":{"line":34,"column":5}}]},"6":{"type":"branch","line":35,"loc":{"start":{"line":35,"column":30},"end":{"line":37,"column":11}},"locations":[{"start":{"line":35,"column":30},"end":{"line":37,"column":11}}]},"7":{"type":"branch","line":42,"loc":{"start":{"line":42,"column":0},"end":{"line":49,"column":1}},"locations":[{"start":{"line":42,"column":0},"end":{"line":49,"column":1}}]},"8":{"type":"branch","line":48,"loc":{"start":{"line":48,"column":-1},"end":{"line":49,"column":1}},"locations":[{"start":{"line":48,"column":-1},"end":{"line":49,"column":1}}]}},"b":{"0":[3],"1":[2],"2":[0],"3":[0],"4":[1],"5":[2],"6":[0],"7":[2],"8":[0]},"fnMap":{"0":{"name":"validationError","decl":{"start":{"line":5,"column":0},"end":{"line":7,"column":1}},"loc":{"start":{"line":5,"column":0},"end":{"line":7,"column":1}},"line":5},"1":{"name":"validateParameter","decl":{"start":{"line":9,"column":0},"end":{"line":24,"column":1}},"loc":{"start":{"line":9,"column":0},"end":{"line":24,"column":1}},"line":9},"2":{"name":"validateParameters","decl":{"start":{"line":26,"column":0},"end":{"line":40,"column":1}},"loc":{"start":{"line":26,"column":0},"end":{"line":40,"column":1}},"line":26},"3":{"name":"validateStringParameter","decl":{"start":{"line":42,"column":0},"end":{"line":49,"column":1}},"loc":{"start":{"line":42,"column":0},"end":{"line":49,"column":1}},"line":42}},"f":{"0":3,"1":2,"2":1,"3":2}}
}
