TN:
SF:src/extensionParameterValidator.ts
FN:5,validationError
FN:9,validateParameter
FN:26,validateParameters
FN:42,validateStringParameter
FNF:4
FNH:4
FNDA:3,validationError
FNDA:2,validateParameter
FNDA:1,validateParameters
FNDA:2,validateStringParameter
DA:1,1
DA:2,1
DA:3,1
DA:4,1
DA:5,3
DA:6,3
DA:7,3
DA:8,1
DA:9,2
DA:10,2
DA:11,0
DA:12,0
DA:13,0
DA:14,0
DA:15,0
DA:16,2
DA:17,2
DA:18,2
DA:19,2
DA:20,2
DA:21,0
DA:22,2
DA:23,2
DA:24,2
DA:25,1
DA:26,1
DA:27,1
DA:28,1
DA:29,2
DA:30,2
DA:31,2
DA:32,2
DA:33,2
DA:34,2
DA:35,1
DA:36,0
DA:37,1
DA:38,1
DA:39,1
DA:40,1
DA:41,1
DA:42,2
DA:43,2
DA:44,2
DA:45,2
DA:46,2
DA:47,2
DA:48,0
DA:49,0
DA:50,1
DA:51,1
DA:52,1
DA:53,1
DA:54,1
DA:55,1
DA:56,1
DA:57,1
LF:57
LH:48
BRDA:5,0,0,3
BRDA:9,1,0,2
BRDA:10,2,0,0
BRDA:20,3,0,0
BRDA:26,4,0,1
BRDA:28,5,0,2
BRDA:35,6,0,0
BRDA:42,7,0,2
BRDA:48,8,0,0
BRF:9
BRH:5
end_of_record
